<?xml version="1.0" encoding="utf-8"?><testsuites name="pytest tests"><testsuite name="pytest" errors="0" failures="0" skipped="0" tests="25" time="20.505" timestamp="2026-04-12T15:20:21.251852+00:00" hostname="agent-env-5c09e880-f728-4c94-b1be-790812b9c46d"><testcase classname="tests.test_auth.TestAuthEndpoints" name="test_admin_login_success" time="0.532" /><testcase classname="tests.test_auth.TestAuthEndpoints" name="test_login_wrong_password" time="0.272" /><testcase classname="tests.test_auth.TestAuthEndpoints" name="test_login_nonexistent_user" time="0.129" /><testcase classname="tests.test_auth.TestAuthEndpoints" name="test_register_new_user" time="0.274" /><testcase classname="tests.test_auth.TestAuthEndpoints" name="test_register_duplicate_email" time="0.066" /><testcase classname="tests.test_auth.TestAuthEndpoints" name="test_get_current_user" time="0.327" /><testcase classname="tests.test_auth.TestAuthEndpoints" name="test_get_current_user_no_token" time="0.064" /><testcase classname="tests.test_auth.TestAuthEndpoints" name="test_get_current_user_invalid_token" time="0.050" /><testcase classname="tests.test_chat.TestChatEndpoint" name="test_chat_requires_auth" time="0.045" /><testcase classname="tests.test_chat.TestChatEndpoint" name="test_chat_send_message" time="5.109" /><testcase classname="tests.test_chat.TestChatEndpoint" name="test_chat_with_session_id" time="6.528" /><testcase classname="tests.test_chat.TestChatEndpoint" name="test_chat_history" time="2.334" /><testcase classname="tests.test_looks.TestLooksEndpoints" name="test_get_looks_requires_auth" time="0.050" /><testcase classname="tests.test_looks.TestLooksEndpoints" name="test_get_looks_empty_list" time="0.051" /><testcase classname="tests.test_looks.TestLooksEndpoints" name="test_create_and_get_look" time="0.166" /><testcase classname="tests.test_looks.TestLooksEndpoints" name="test_create_look_requires_auth" time="0.050" /><testcase classname="tests.test_looks.TestLooksEndpoints" name="test_delete_look" time="0.764" /><testcase classname="tests.test_looks.TestLooksEndpoints" name="test_delete_nonexistent_look" time="0.504" /><testcase classname="tests.test_tutorials.TestTutorialsEndpoint" name="test_get_tutorials_list" time="0.082" /><testcase classname="tests.test_tutorials.TestTutorialsEndpoint" name="test_get_tutorial_by_id" time="0.109" /><testcase classname="tests.test_tutorials.TestTutorialsEndpoint" name="test_get_tutorial_invalid_id" time="0.049" /><testcase classname="tests.test_weather.TestWeatherEndpoint" name="test_weather_paris" time="1.151" /><testcase classname="tests.test_weather.TestWeatherEndpoint" name="test_weather_lyon" time="1.080" /><testcase classname="tests.test_weather.TestWeatherEndpoint" name="test_weather_invalid_city" time="0.608" /><testcase classname="tests.test_weather.TestWeatherEndpoint" name="test_weather_missing_city" time="0.054" /></testsuite></testsuites>