<?xml version="1.0" encoding="utf-8"?><testsuites name="pytest tests"><testsuite name="pytest" errors="0" failures="0" skipped="0" tests="37" time="17.776" timestamp="2026-04-12T16:10:58.950566+00:00" hostname="agent-env-5c09e880-f728-4c94-b1be-790812b9c46d"><testcase classname="tests.test_admin.TestAdminEndpoints" name="test_admin_stats_success" time="0.627" /><testcase classname="tests.test_admin.TestAdminEndpoints" name="test_admin_stats_forbidden_for_regular_user" time="0.325" /><testcase classname="tests.test_admin.TestAdminEndpoints" name="test_admin_stats_unauthorized_without_token" time="0.047" /><testcase classname="tests.test_auth.TestAuthEndpoints" name="test_admin_login_success" time="0.274" /><testcase classname="tests.test_auth.TestAuthEndpoints" name="test_login_wrong_password" time="0.268" /><testcase classname="tests.test_auth.TestAuthEndpoints" name="test_login_nonexistent_user" time="0.054" /><testcase classname="tests.test_auth.TestAuthEndpoints" name="test_register_new_user" time="0.281" /><testcase classname="tests.test_auth.TestAuthEndpoints" name="test_register_duplicate_email" time="0.048" /><testcase classname="tests.test_auth.TestAuthEndpoints" name="test_get_current_user" time="0.059" /><testcase classname="tests.test_auth.TestAuthEndpoints" name="test_get_current_user_no_token" time="0.048" /><testcase classname="tests.test_auth.TestAuthEndpoints" name="test_get_current_user_invalid_token" time="0.047" /><testcase classname="tests.test_chat.TestChatEndpoint" name="test_chat_requires_auth" time="0.051" /><testcase classname="tests.test_chat.TestChatEndpoint" name="test_chat_send_message" time="2.998" /><testcase classname="tests.test_chat.TestChatEndpoint" name="test_chat_with_session_id" time="4.762" /><testcase classname="tests.test_chat.TestChatEndpoint" name="test_chat_history" time="1.957" /><testcase classname="tests.test_looks.TestLooksEndpoints" name="test_get_looks_requires_auth" time="0.049" /><testcase classname="tests.test_looks.TestLooksEndpoints" name="test_get_looks_empty_list" time="0.048" /><testcase classname="tests.test_looks.TestLooksEndpoints" name="test_create_and_get_look" time="0.111" /><testcase classname="tests.test_looks.TestLooksEndpoints" name="test_create_look_requires_auth" time="0.045" /><testcase classname="tests.test_looks.TestLooksEndpoints" name="test_delete_look" time="0.158" /><testcase classname="tests.test_looks.TestLooksEndpoints" name="test_delete_nonexistent_look" time="0.049" /><testcase classname="tests.test_profile.TestProfileUpdate" name="test_update_name" time="0.103" /><testcase classname="tests.test_profile.TestProfileUpdate" name="test_update_city" time="0.062" /><testcase classname="tests.test_profile.TestProfileUpdate" name="test_update_email" time="0.048" /><testcase classname="tests.test_profile.TestProfileUpdate" name="test_update_email_duplicate" time="0.049" /><testcase classname="tests.test_profile.TestProfileUpdate" name="test_update_password" time="1.115" /><testcase classname="tests.test_profile.TestProfileUpdate" name="test_update_password_too_short" time="0.051" /><testcase classname="tests.test_profile.TestProfileUpdate" name="test_update_multiple_fields" time="0.072" /><testcase classname="tests.test_profile.TestProfileUpdate" name="test_update_no_changes" time="0.051" /><testcase classname="tests.test_profile.TestProfileUpdate" name="test_update_unauthorized" time="0.070" /><testcase classname="tests.test_tutorials.TestTutorialsEndpoint" name="test_get_tutorials_list" time="0.047" /><testcase classname="tests.test_tutorials.TestTutorialsEndpoint" name="test_get_tutorial_by_id" time="0.114" /><testcase classname="tests.test_tutorials.TestTutorialsEndpoint" name="test_get_tutorial_invalid_id" time="0.048" /><testcase classname="tests.test_weather.TestWeatherEndpoint" name="test_weather_paris" time="1.175" /><testcase classname="tests.test_weather.TestWeatherEndpoint" name="test_weather_lyon" time="1.095" /><testcase classname="tests.test_weather.TestWeatherEndpoint" name="test_weather_invalid_city" time="0.666" /><testcase classname="tests.test_weather.TestWeatherEndpoint" name="test_weather_missing_city" time="0.639" /></testsuite></testsuites>